<?xml version="1.0" encoding="UTF-8"?>
<!-- Generated by org.testng.reporters.JUnitXMLReporter -->
<testsuite ignored="3" hostname="DESKTOP-VD699CF" failures="0" tests="1" name="Default test" time="4.829" errors="0" timestamp="2022-11-23T15:04:07 IST">
  <testcase classname="com.tests.restAssured.PostRequest" name="postRequestByCreatingBodyUsingJsonObject" time="4.746"/>
  <testcase classname="com.tests.restAssured.PostRequest" name="postRequestByconvertingFileToString" time="0.0">
    <ignored/>
  </testcase> <!-- postRequestByconvertingFileToString -->
  <testcase classname="com.tests.restAssured.PostRequest" name="postRequestByCreatingBodyUsingHashMap" time="0.0">
    <ignored/>
  </testcase> <!-- postRequestByCreatingBodyUsingHashMap -->
  <testcase classname="com.tests.restAssured.PostRequest" name="postRequest" time="0.0">
    <ignored/>
  </testcase> <!-- postRequest -->
</testsuite> <!-- Default test -->
