<?xml version="1.0" encoding="UTF-8"?>
<!-- Generated by org.testng.reporters.JUnitXMLReporter -->
<testsuite ignored="2" hostname="DESKTOP-VD699CF" failures="0" tests="1" name="Default test" time="4.98" errors="0" timestamp="2022-11-23T13:14:16 IST">
  <testcase classname="com.tests.restAssured.PostRequest" name="postRequestByCreatingBodyUsingHasmap" time="4.91"/>
  <testcase classname="com.tests.restAssured.PostRequest" name="postRequest" time="0.0">
    <ignored/>
  </testcase> <!-- postRequest -->
  <testcase classname="com.tests.restAssured.PostRequest" name="postRequestByconvertingFileToString" time="0.0">
    <ignored/>
  </testcase> <!-- postRequestByconvertingFileToString -->
</testsuite> <!-- Default test -->
