<?xml version="1.0" encoding="UTF-8"?>
<testng-results ignored="0" total="1" passed="1" failed="0" skipped="0">
  <reporter-output>
  </reporter-output>
  <suite started-at="2022-11-23T11:31:35 IST" name="Default suite" finished-at="2022-11-23T11:31:40 IST" duration-ms="5043">
    <groups>
    </groups>
    <test started-at="2022-11-23T11:31:35 IST" name="Default test" finished-at="2022-11-23T11:31:40 IST" duration-ms="5043">
      <class name="com.tests.restAssured.Getrequest">
        <test-method signature="getBooks()[pri:0, instance:com.tests.restAssured.Getrequest@4a7f959b]" started-at="2022-11-23T11:31:35 IST" name="getBooks" finished-at="2022-11-23T11:31:40 IST" duration-ms="4965" status="PASS">
          <reporter-output>
          </reporter-output>
        </test-method> <!-- getBooks -->
      </class> <!-- com.tests.restAssured.Getrequest -->
    </test> <!-- Default test -->
  </suite> <!-- Default suite -->
</testng-results>
